# JRE version: OpenJDK Runtime Environment Temurin-25.0.1+8 (25.0.1+8) (build 25.0.1+8-LTS)
# Java VM: OpenJDK 64-Bit Server VM Temurin-25.0.1+8 (25.0.1+8-LTS, mixed mode, sharing, tiered, compressed oops, compressed class ptrs, g1 gc, windows-amd64)
GC Precious Log:
 CardTable entry size: 512
 Card Set container configuration: InlinePtr #cards 4 size 8 Array Of Cards #cards 32 size 80 Howl #buckets 8 coarsen threshold 7372 Howl Bitmap #cards 1024 size 144 coarsen threshold 921 Card regions per heap region 1 cards per card region 8192
 CPUs: 24 total, 24 available
 Memory: 32675M
 Large Page Support: Disabled
 NUMA Support: Disabled
 Compressed Oops: Enabled (Zero based)
 Heap Region Size: 4M
 Heap Min Capacity: 8M
 Heap Initial Capacity: 512M
 Heap Max Capacity: 8172M
 Pre-touch: Disabled
 Parallel Workers: 18
 Concurrent Workers: 5
 Concurrent Refinement Workers: 18
 Periodic GC: Disabled
Heap:
 garbage-first heap   total reserved 8368128K, committed 61440K, used 20545K [0x0000000601400000, 0x0000000800000000)
  region size 4096K, 2 young (8192K), 1 survivors (4096K)
GC Heap Usage History (20 events):
Event: 1212.360 {heap Before GC invocations=7 (full 0):
 garbage-first heap   total reserved 8368128K, committed 53248K, used 36143K [0x0000000601400000, 0x0000000800000000)
  region size 4096K, 6 young (24576K), 1 survivors (4096K)
}
Event: 1212.361 {heap After GC invocations=8 (full 0):
 garbage-first heap   total reserved 8368128K, committed 53248K, used 19402K [0x0000000601400000, 0x0000000800000000)
  region size 4096K, 1 young (4096K), 1 survivors (4096K)
}
Event: 1212.368 {heap Before GC invocations=8 (full 0):
 garbage-first heap   total reserved 8368128K, committed 53248K, used 19402K [0x0000000601400000, 0x0000000800000000)
  region size 4096K, 3 young (12288K), 1 survivors (4096K)
}
Event: 1212.369 {heap After GC invocations=9 (full 0):
 garbage-first heap   total reserved 8368128K, committed 53248K, used 26356K [0x0000000601400000, 0x0000000800000000)
  region size 4096K, 1 young (4096K), 1 survivors (4096K)
}
Event: 1212.389 {heap Before GC invocations=10 (full 0):
 garbage-first heap   total reserved 8368128K, committed 57344K, used 42740K [0x0000000601400000, 0x0000000800000000)
  region size 4096K, 4 young (16384K), 1 survivors (4096K)
}
Event: 1212.392 {heap After GC invocations=11 (full 0):
 garbage-first heap   total reserved 8368128K, committed 57344K, used 34030K [0x0000000601400000, 0x0000000800000000)
  region size 4096K, 1 young (4096K), 1 survivors (4096K)
}
Event: 1218.957 {heap Before GC invocations=11 (full 0):
 garbage-first heap   total reserved 8368128K, committed 57344K, used 42222K [0x0000000601400000, 0x0000000800000000)
  region size 4096K, 3 young (12288K), 1 survivors (4096K)
}
Event: 1218.959 {heap After GC invocations=12 (full 0):
 garbage-first heap   total reserved 8368128K, committed 57344K, used 32448K [0x0000000601400000, 0x0000000800000000)
  region size 4096K, 1 young (4096K), 1 survivors (4096K)
}
Event: 1231.272 {heap Before GC invocations=12 (full 0):
 garbage-first heap   total reserved 8368128K, committed 57344K, used 40640K [0x0000000601400000, 0x0000000800000000)
  region size 4096K, 3 young (12288K), 1 survivors (4096K)
}
Event: 1231.273 {heap After GC invocations=13 (full 0):
 garbage-first heap   total reserved 8368128K, committed 57344K, used 33330K [0x0000000601400000, 0x0000000800000000)
  region size 4096K, 1 young (4096K), 1 survivors (4096K)
}
Event: 1361.276 {heap Before GC invocations=14 (full 0):
 garbage-first heap   total reserved 8368128K, committed 61440K, used 41522K [0x0000000601400000, 0x0000000800000000)
  region size 4096K, 3 young (12288K), 1 survivors (4096K)
}
Event: 1361.277 {heap After GC invocations=15 (full 0):
 garbage-first heap   total reserved 8368128K, committed 61440K, used 33584K [0x0000000601400000, 0x0000000800000000)
  region size 4096K, 1 young (4096K), 1 survivors (4096K)
}
Event: 1555.686 {heap Before GC invocations=15 (full 0):
 garbage-first heap   total reserved 8368128K, committed 61440K, used 45872K [0x0000000601400000, 0x0000000800000000)
  region size 4096K, 4 young (16384K), 1 survivors (4096K)
}
Event: 1555.688 {heap After GC invocations=16 (full 0):
 garbage-first heap   total reserved 8368128K, committed 61440K, used 24366K [0x0000000601400000, 0x0000000800000000)
  region size 4096K, 1 young (4096K), 1 survivors (4096K)
}
Event: 1801.263 {heap Before GC invocations=16 (full 0):
 garbage-first heap   total reserved 8368128K, committed 61440K, used 40750K [0x0000000601400000, 0x0000000800000000)
  region size 4096K, 5 young (20480K), 1 survivors (4096K)
}
Event: 1801.265 {heap After GC invocations=17 (full 0):
 garbage-first heap   total reserved 8368128K, committed 61440K, used 24347K [0x0000000601400000, 0x0000000800000000)
  region size 4096K, 1 young (4096K), 1 survivors (4096K)
}
Event: 2116.309 {heap Before GC invocations=17 (full 0):
 garbage-first heap   total reserved 8368128K, committed 61440K, used 40731K [0x0000000601400000, 0x0000000800000000)
  region size 4096K, 5 young (20480K), 1 survivors (4096K)
}
Event: 2116.310 {heap After GC invocations=18 (full 0):
 garbage-first heap   total reserved 8368128K, committed 61440K, used 24489K [0x0000000601400000, 0x0000000800000000)
  region size 4096K, 1 young (4096K), 1 survivors (4096K)
}
Event: 2511.269 {heap Before GC invocations=19 (full 0):
 garbage-first heap   total reserved 8368128K, committed 61440K, used 40873K [0x0000000601400000, 0x0000000800000000)
  region size 4096K, 6 young (24576K), 1 survivors (4096K)
}
Event: 2511.270 {heap After GC invocations=20 (full 0):
 garbage-first heap   total reserved 8368128K, committed 61440K, used 20545K [0x0000000601400000, 0x0000000800000000)
  region size 4096K, 1 young (4096K), 1 survivors (4096K)
}

